[debug] [2024-03-25T00:45:37.344Z] ----------------------------------------------------------------------
[debug] [2024-03-25T00:45:37.346Z] Command:       C:\Program Files\nodejs\node.exe C:\Users\RATANAK.KHOEURN\AppData\Roaming\npm\node_modules\firebase-tools\lib\bin\firebase.js init
[debug] [2024-03-25T00:45:37.346Z] CLI Version:   13.5.2
[debug] [2024-03-25T00:45:37.346Z] Platform:      win32
[debug] [2024-03-25T00:45:37.347Z] Node Version:  v18.17.0
[debug] [2024-03-25T00:45:37.347Z] Time:          Mon Mar 25 2024 07:45:37 GMT+0700 (Indochina Time)
[debug] [2024-03-25T00:45:37.347Z] ----------------------------------------------------------------------
[debug] 
[debug] [2024-03-25T00:45:37.350Z] >>> [apiv2][query] GET https://firebase-public.firebaseio.com/cli.json [none]
[debug] [2024-03-25T00:45:37.436Z] > command requires scopes: ["email","openid","https://www.googleapis.com/auth/cloudplatformprojects.readonly","https://www.googleapis.com/auth/firebase","https://www.googleapis.com/auth/cloud-platform"]
[debug] [2024-03-25T00:45:37.437Z] > authorizing via signed-in user (ratanak.khoeurn@student.passerellesnumeriques.org)
[info] 
     ######## #### ########  ######## ########     ###     ######  ########
     ##        ##  ##     ## ##       ##     ##  ##   ##  ##       ##
     ######    ##  ########  ######   ########  #########  ######  ######
     ##        ##  ##    ##  ##       ##     ## ##     ##       ## ##
     ##       #### ##     ## ######## ########  ##     ##  ######  ########

You're about to initialize a Firebase project in this directory:

  C:\Users\RATANAK.KHOEURN

Before we get started, keep in mind:

  * You are initializing within an existing Firebase project directory

[debug] [2024-03-25T00:45:38.020Z] <<< [apiv2][status] GET https://firebase-public.firebaseio.com/cli.json 200
[debug] [2024-03-25T00:45:38.020Z] <<< [apiv2][body] GET https://firebase-public.firebaseio.com/cli.json {"cloudBuildErrorAfter":1594252800000,"cloudBuildWarnAfter":1590019200000,"defaultNode10After":1594252800000,"minVersion":"3.0.5","node8DeploysDisabledAfter":1613390400000,"node8RuntimeDisabledAfter":1615809600000,"node8WarnAfter":1600128000000}
[info] 
=== Project Setup
[info] 
[info] First, let's associate this project directory with a Firebase project.
[info] You can create multiple project aliases by running firebase use --add, 
[info] but for now we'll just set up a default project.
[info] 
[debug] [2024-03-25T00:45:53.520Z] Using project from CLI flag: hr-restaurant-2a39f
[debug] [2024-03-25T00:45:53.520Z] > refreshing access token with scopes: []
[debug] [2024-03-25T00:45:53.521Z] >>> [apiv2][query] POST https://www.googleapis.com/oauth2/v3/token [none]
[debug] [2024-03-25T00:45:53.521Z] >>> [apiv2][body] POST https://www.googleapis.com/oauth2/v3/token [omitted]
[debug] [2024-03-25T00:45:53.704Z] <<< [apiv2][status] POST https://www.googleapis.com/oauth2/v3/token 200
[debug] [2024-03-25T00:45:53.704Z] <<< [apiv2][body] POST https://www.googleapis.com/oauth2/v3/token [omitted]
[debug] [2024-03-25T00:45:53.733Z] >>> [apiv2][query] GET https://firebase.googleapis.com/v1beta1/projects/hr-restaurant-2a39f [none]
[debug] [2024-03-25T00:45:54.600Z] <<< [apiv2][status] GET https://firebase.googleapis.com/v1beta1/projects/hr-restaurant-2a39f 403
[debug] [2024-03-25T00:45:54.600Z] <<< [apiv2][body] GET https://firebase.googleapis.com/v1beta1/projects/hr-restaurant-2a39f {"error":{"code":403,"message":"The caller does not have permission","status":"PERMISSION_DENIED"}}
[debug] [2024-03-25T00:45:54.601Z] HTTP Error: 403, The caller does not have permission
[debug] [2024-03-25T00:45:55.818Z] FirebaseError: HTTP Error: 403, The caller does not have permission
    at responseToError (C:\Users\RATANAK.KHOEURN\AppData\Roaming\npm\node_modules\firebase-tools\lib\responseToError.js:49:12)
    at RetryOperation._fn (C:\Users\RATANAK.KHOEURN\AppData\Roaming\npm\node_modules\firebase-tools\lib\apiv2.js:297:77)
    at process.processTicksAndRejections (node:internal/process/task_queues:95:5)
[error] 
[error] Error: Failed to get Firebase project hr-restaurant-2a39f. Please make sure the project exists and your account has permission to access it.
[debug] [2024-03-25T00:46:05.821Z] ----------------------------------------------------------------------
[debug] [2024-03-25T00:46:05.823Z] Command:       C:\Program Files\nodejs\node.exe C:\Users\RATANAK.KHOEURN\AppData\Roaming\npm\node_modules\firebase-tools\lib\bin\firebase.js init
[debug] [2024-03-25T00:46:05.823Z] CLI Version:   13.5.2
[debug] [2024-03-25T00:46:05.823Z] Platform:      win32
[debug] [2024-03-25T00:46:05.823Z] Node Version:  v18.17.0
[debug] [2024-03-25T00:46:05.824Z] Time:          Mon Mar 25 2024 07:46:05 GMT+0700 (Indochina Time)
[debug] [2024-03-25T00:46:05.824Z] ----------------------------------------------------------------------
[debug] 
[debug] [2024-03-25T00:46:05.891Z] > command requires scopes: ["email","openid","https://www.googleapis.com/auth/cloudplatformprojects.readonly","https://www.googleapis.com/auth/firebase","https://www.googleapis.com/auth/cloud-platform"]
[debug] [2024-03-25T00:46:05.891Z] > authorizing via signed-in user (ratanak.khoeurn@student.passerellesnumeriques.org)
[info] 
     ######## #### ########  ######## ########     ###     ######  ########
     ##        ##  ##     ## ##       ##     ##  ##   ##  ##       ##
     ######    ##  ########  ######   ########  #########  ######  ######
     ##        ##  ##    ##  ##       ##     ## ##     ##       ## ##
     ##       #### ##     ## ######## ########  ##     ##  ######  ########

You're about to initialize a Firebase project in this directory:

  C:\Users\RATANAK.KHOEURN

Before we get started, keep in mind:

  * You are initializing within an existing Firebase project directory

[info] 
=== Project Setup
[info] 
[info] First, let's associate this project directory with a Firebase project.
[info] You can create multiple project aliases by running firebase use --add, 
[info] but for now we'll just set up a default project.
[info] 
[debug] [2024-03-25T00:46:17.294Z] Using project from CLI flag: hr-restaurant-2a39f
[debug] [2024-03-25T00:46:17.297Z] >>> [apiv2][query] GET https://firebase.googleapis.com/v1beta1/projects/hr-restaurant-2a39f [none]
[debug] [2024-03-25T00:46:17.893Z] <<< [apiv2][status] GET https://firebase.googleapis.com/v1beta1/projects/hr-restaurant-2a39f 403
[debug] [2024-03-25T00:46:17.893Z] <<< [apiv2][body] GET https://firebase.googleapis.com/v1beta1/projects/hr-restaurant-2a39f {"error":{"code":403,"message":"The caller does not have permission","status":"PERMISSION_DENIED"}}
[debug] [2024-03-25T00:46:17.894Z] HTTP Error: 403, The caller does not have permission
[debug] [2024-03-25T00:46:18.072Z] FirebaseError: HTTP Error: 403, The caller does not have permission
    at responseToError (C:\Users\RATANAK.KHOEURN\AppData\Roaming\npm\node_modules\firebase-tools\lib\responseToError.js:49:12)
    at RetryOperation._fn (C:\Users\RATANAK.KHOEURN\AppData\Roaming\npm\node_modules\firebase-tools\lib\apiv2.js:297:77)
    at process.processTicksAndRejections (node:internal/process/task_queues:95:5)
[error] 
[error] Error: Failed to get Firebase project hr-restaurant-2a39f. Please make sure the project exists and your account has permission to access it.
